<?xml version="1.0" encoding="UTF-8"?>
<testng-results ignored="0" total="2" passed="2" failed="0" skipped="0">
  <reporter-output>
  </reporter-output>
  <suite started-at="2018-06-19T10:48:41Z" name="Surefire suite" finished-at="2018-06-19T10:48:41Z" duration-ms="30">
    <groups>
    </groups>
    <test started-at="2018-06-19T10:48:41Z" name="Surefire test" finished-at="2018-06-19T10:48:41Z" duration-ms="30">
      <class name="Demo.Test1">
        <test-method signature="testCase2()[pri:0, instance:Demo.Test1@51e5fc98]" started-at="2018-06-19T16:18:41Z" name="testCase2" finished-at="2018-06-19T16:18:41Z" duration-ms="8" status="PASS">
          <reporter-output>
          </reporter-output>
        </test-method> <!-- testCase2 -->
        <test-method signature="testCase1()[pri:0, instance:Demo.Test1@51e5fc98]" started-at="2018-06-19T16:18:41Z" name="testCase1" finished-at="2018-06-19T16:18:41Z" depends-on-methods="Demo.Test1.testCase2" duration-ms="0" status="PASS">
          <reporter-output>
          </reporter-output>
        </test-method> <!-- testCase1 -->
      </class> <!-- Demo.Test1 -->
    </test> <!-- Surefire test -->
  </suite> <!-- Surefire suite -->
</testng-results>
